{"D:\\DATA\\semester4\\PPL_Service\\Pertemuan 16\\smart-city-platform\\express-gateway\\src\\index.js": {"path":"D:\\DATA\\semester4\\PPL_Service\\Pertemuan 16\\smart-city-platform\\express-gateway\\src\\index.js","statementMap":{"0":{"start":{"line":1,"column":16},"end":{"line":1,"column":34}},"1":{"start":{"line":2,"column":13},"end":{"line":2,"column":28}},"2":{"start":{"line":3,"column":15},"end":{"line":3,"column":32}},"3":{"start":{"line":4,"column":15},"end":{"line":4,"column":32}},"4":{"start":{"line":5,"column":34},"end":{"line":5,"column":66}},"5":{"start":{"line":11,"column":4},"end":{"line":11,"column":37}},"6":{"start":{"line":12,"column":22},"end":{"line":12,"column":49}},"7":{"start":{"line":13,"column":26},"end":{"line":13,"column":56}},"8":{"start":{"line":14,"column":25},"end":{"line":14,"column":61}},"9":{"start":{"line":15,"column":24},"end":{"line":15,"column":51}},"10":{"start":{"line":16,"column":21},"end":{"line":16,"column":47}},"11":{"start":{"line":17,"column":22},"end":{"line":17,"column":49}},"12":{"start":{"line":18,"column":30},"end":{"line":18,"column":57}},"13":{"start":{"line":28,"column":4},"end":{"line":28,"column":15}},"14":{"start":{"line":30,"column":12},"end":{"line":30,"column":21}},"15":{"start":{"line":33,"column":0},"end":{"line":33,"column":26}},"16":{"start":{"line":34,"column":0},"end":{"line":34,"column":18}},"17":{"start":{"line":35,"column":0},"end":{"line":40,"column":2}},"18":{"start":{"line":41,"column":0},"end":{"line":41,"column":40}},"19":{"start":{"line":42,"column":0},"end":{"line":42,"column":48}},"20":{"start":{"line":45,"column":0},"end":{"line":45,"column":64}},"21":{"start":{"line":46,"column":0},"end":{"line":46,"column":23}},"22":{"start":{"line":47,"column":0},"end":{"line":47,"column":27}},"23":{"start":{"line":50,"column":0},"end":{"line":50,"column":23}},"24":{"start":{"line":53,"column":0},"end":{"line":53,"column":33}},"25":{"start":{"line":54,"column":0},"end":{"line":54,"column":35}},"26":{"start":{"line":55,"column":0},"end":{"line":62,"column":2}},"27":{"start":{"line":60,"column":36},"end":{"line":60,"column":75}},"28":{"start":{"line":65,"column":0},"end":{"line":65,"column":19}},"29":{"start":{"line":66,"column":0},"end":{"line":66,"column":21}},"30":{"start":{"line":71,"column":0},"end":{"line":80,"column":2}},"31":{"start":{"line":77,"column":32},"end":{"line":77,"column":74}},"32":{"start":{"line":83,"column":0},"end":{"line":92,"column":2}},"33":{"start":{"line":89,"column":32},"end":{"line":89,"column":74}},"34":{"start":{"line":95,"column":0},"end":{"line":102,"column":2}},"35":{"start":{"line":100,"column":36},"end":{"line":100,"column":74}},"36":{"start":{"line":105,"column":0},"end":{"line":116,"column":2}},"37":{"start":{"line":112,"column":6},"end":{"line":112,"column":77}},"38":{"start":{"line":114,"column":36},"end":{"line":114,"column":75}},"39":{"start":{"line":119,"column":0},"end":{"line":126,"column":2}},"40":{"start":{"line":124,"column":36},"end":{"line":124,"column":72}},"41":{"start":{"line":129,"column":0},"end":{"line":140,"column":3}},"42":{"start":{"line":130,"column":2},"end":{"line":139,"column":6}},"43":{"start":{"line":143,"column":0},"end":{"line":143,"column":22}},"44":{"start":{"line":146,"column":2},"end":{"line":146,"column":75}},"45":{"start":{"line":147,"column":2},"end":{"line":147,"column":30}},"46":{"start":{"line":147,"column":23},"end":{"line":147,"column":30}},"47":{"start":{"line":148,"column":2},"end":{"line":157,"column":6}},"48":{"start":{"line":160,"column":15},"end":{"line":169,"column":2}},"49":{"start":{"line":161,"column":2},"end":{"line":161,"column":66}},"50":{"start":{"line":162,"column":2},"end":{"line":162,"column":74}},"51":{"start":{"line":163,"column":2},"end":{"line":163,"column":53}},"52":{"start":{"line":164,"column":2},"end":{"line":164,"column":53}},"53":{"start":{"line":165,"column":2},"end":{"line":165,"column":49}},"54":{"start":{"line":166,"column":2},"end":{"line":166,"column":47}},"55":{"start":{"line":167,"column":2},"end":{"line":167,"column":50}},"56":{"start":{"line":168,"column":2},"end":{"line":168,"column":66}},"57":{"start":{"line":171,"column":0},"end":{"line":171,"column":65}},"58":{"start":{"line":171,"column":28},"end":{"line":171,"column":63}},"59":{"start":{"line":171,"column":47},"end":{"line":171,"column":62}},"60":{"start":{"line":172,"column":0},"end":{"line":172,"column":64}},"61":{"start":{"line":172,"column":27},"end":{"line":172,"column":62}},"62":{"start":{"line":172,"column":46},"end":{"line":172,"column":61}},"63":{"start":{"line":174,"column":0},"end":{"line":174,"column":21}}},"fnMap":{"0":{"name":"(anonymous_0)","decl":{"start":{"line":60,"column":17},"end":{"line":60,"column":18}},"loc":{"start":{"line":60,"column":36},"end":{"line":60,"column":75}},"line":60},"1":{"name":"(anonymous_1)","decl":{"start":{"line":77,"column":13},"end":{"line":77,"column":14}},"loc":{"start":{"line":77,"column":32},"end":{"line":77,"column":74}},"line":77},"2":{"name":"(anonymous_2)","decl":{"start":{"line":89,"column":13},"end":{"line":89,"column":14}},"loc":{"start":{"line":89,"column":32},"end":{"line":89,"column":74}},"line":89},"3":{"name":"(anonymous_3)","decl":{"start":{"line":100,"column":17},"end":{"line":100,"column":18}},"loc":{"start":{"line":100,"column":36},"end":{"line":100,"column":74}},"line":100},"4":{"name":"(anonymous_4)","decl":{"start":{"line":111,"column":12},"end":{"line":111,"column":13}},"loc":{"start":{"line":112,"column":6},"end":{"line":112,"column":77}},"line":112},"5":{"name":"(anonymous_5)","decl":{"start":{"line":114,"column":17},"end":{"line":114,"column":18}},"loc":{"start":{"line":114,"column":36},"end":{"line":114,"column":75}},"line":114},"6":{"name":"(anonymous_6)","decl":{"start":{"line":124,"column":17},"end":{"line":124,"column":18}},"loc":{"start":{"line":124,"column":36},"end":{"line":124,"column":72}},"line":124},"7":{"name":"(anonymous_7)","decl":{"start":{"line":129,"column":8},"end":{"line":129,"column":9}},"loc":{"start":{"line":129,"column":22},"end":{"line":140,"column":1}},"line":129},"8":{"name":"upstreamError","decl":{"start":{"line":145,"column":9},"end":{"line":145,"column":22}},"loc":{"start":{"line":145,"column":46},"end":{"line":158,"column":1}},"line":145},"9":{"name":"(anonymous_9)","decl":{"start":{"line":160,"column":32},"end":{"line":160,"column":33}},"loc":{"start":{"line":160,"column":38},"end":{"line":169,"column":1}},"line":160},"10":{"name":"(anonymous_10)","decl":{"start":{"line":171,"column":22},"end":{"line":171,"column":23}},"loc":{"start":{"line":171,"column":28},"end":{"line":171,"column":63}},"line":171},"11":{"name":"(anonymous_11)","decl":{"start":{"line":171,"column":41},"end":{"line":171,"column":42}},"loc":{"start":{"line":171,"column":47},"end":{"line":171,"column":62}},"line":171},"12":{"name":"(anonymous_12)","decl":{"start":{"line":172,"column":21},"end":{"line":172,"column":22}},"loc":{"start":{"line":172,"column":27},"end":{"line":172,"column":62}},"line":172},"13":{"name":"(anonymous_13)","decl":{"start":{"line":172,"column":40},"end":{"line":172,"column":41}},"loc":{"start":{"line":172,"column":46},"end":{"line":172,"column":61}},"line":172}},"branchMap":{"0":{"loc":{"start":{"line":21,"column":2},"end":{"line":21,"column":13}},"type":"default-arg","locations":[{"start":{"line":21,"column":9},"end":{"line":21,"column":13}}],"line":21},"1":{"loc":{"start":{"line":22,"column":2},"end":{"line":22,"column":26}},"type":"default-arg","locations":[{"start":{"line":22,"column":13},"end":{"line":22,"column":26}}],"line":22},"2":{"loc":{"start":{"line":23,"column":2},"end":{"line":23,"column":53}},"type":"default-arg","locations":[{"start":{"line":23,"column":24},"end":{"line":23,"column":53}}],"line":23},"3":{"loc":{"start":{"line":24,"column":2},"end":{"line":24,"column":53}},"type":"default-arg","locations":[{"start":{"line":24,"column":24},"end":{"line":24,"column":53}}],"line":24},"4":{"loc":{"start":{"line":25,"column":2},"end":{"line":25,"column":45}},"type":"default-arg","locations":[{"start":{"line":25,"column":20},"end":{"line":25,"column":45}}],"line":25},"5":{"loc":{"start":{"line":26,"column":2},"end":{"line":26,"column":41}},"type":"default-arg","locations":[{"start":{"line":26,"column":18},"end":{"line":26,"column":41}}],"line":26},"6":{"loc":{"start":{"line":27,"column":2},"end":{"line":27,"column":47}},"type":"default-arg","locations":[{"start":{"line":27,"column":21},"end":{"line":27,"column":47}}],"line":27},"7":{"loc":{"start":{"line":37,"column":12},"end":{"line":37,"column":55}},"type":"binary-expr","locations":[{"start":{"line":37,"column":12},"end":{"line":37,"column":48}},{"start":{"line":37,"column":52},"end":{"line":37,"column":55}}],"line":37},"8":{"loc":{"start":{"line":45,"column":15},"end":{"line":45,"column":61}},"type":"cond-expr","locations":[{"start":{"line":45,"column":43},"end":{"line":45,"column":53}},{"start":{"line":45,"column":56},"end":{"line":45,"column":61}}],"line":45},"9":{"loc":{"start":{"line":112,"column":6},"end":{"line":112,"column":77}},"type":"cond-expr","locations":[{"start":{"line":112,"column":40},"end":{"line":112,"column":55}},{"start":{"line":112,"column":58},"end":{"line":112,"column":77}}],"line":112},"10":{"loc":{"start":{"line":147,"column":2},"end":{"line":147,"column":30}},"type":"if","locations":[{"start":{"line":147,"column":2},"end":{"line":147,"column":30}},{"start":{},"end":{}}],"line":147}},"s":{"0":1,"1":1,"2":1,"3":1,"4":1,"5":1,"6":1,"7":1,"8":1,"9":1,"10":1,"11":1,"12":1,"13":1,"14":1,"15":1,"16":1,"17":1,"18":1,"19":1,"20":1,"21":1,"22":1,"23":1,"24":1,"25":1,"26":1,"27":0,"28":1,"29":1,"30":1,"31":1,"32":1,"33":0,"34":1,"35":0,"36":1,"37":0,"38":0,"39":1,"40":0,"41":1,"42":1,"43":1,"44":1,"45":1,"46":0,"47":1,"48":1,"49":1,"50":1,"51":1,"52":1,"53":1,"54":1,"55":1,"56":1,"57":1,"58":0,"59":0,"60":1,"61":0,"62":0,"63":1},"f":{"0":0,"1":1,"2":0,"3":0,"4":0,"5":0,"6":0,"7":1,"8":1,"9":1,"10":0,"11":0,"12":0,"13":0},"b":{"0":[1],"1":[0],"2":[1],"3":[1],"4":[1],"5":[0],"6":[1],"7":[1,1],"8":[0,1],"9":[0,0],"10":[0,1]},"_coverageSchema":"1a1c01bbd47fc00a2c39e90264f33305004495a9","hash":"c736e2cc85c8f8d41eca3eb0385be3e3750d127c"}
,"D:\\DATA\\semester4\\PPL_Service\\Pertemuan 16\\smart-city-platform\\express-gateway\\src\\middleware\\errorHandler.js": {"path":"D:\\DATA\\semester4\\PPL_Service\\Pertemuan 16\\smart-city-platform\\express-gateway\\src\\middleware\\errorHandler.js","statementMap":{"0":{"start":{"line":1,"column":24},"end":{"line":1,"column":52}},"1":{"start":{"line":5,"column":2},"end":{"line":5,"column":40}},"2":{"start":{"line":5,"column":23},"end":{"line":5,"column":40}},"3":{"start":{"line":7,"column":2},"end":{"line":10,"column":4}},"4":{"start":{"line":13,"column":2},"end":{"line":20,"column":3}},"5":{"start":{"line":14,"column":17},"end":{"line":14,"column":45}},"6":{"start":{"line":15,"column":4},"end":{"line":19,"column":8}},"7":{"start":{"line":23,"column":2},"end":{"line":34,"column":3}},"8":{"start":{"line":24,"column":4},"end":{"line":33,"column":8}},"9":{"start":{"line":36,"column":2},"end":{"line":40,"column":3}},"10":{"start":{"line":37,"column":4},"end":{"line":39,"column":76}},"11":{"start":{"line":43,"column":2},"end":{"line":54,"column":6}},"12":{"start":{"line":57,"column":0},"end":{"line":57,"column":34}}},"fnMap":{"0":{"name":"errorHandler","decl":{"start":{"line":3,"column":9},"end":{"line":3,"column":21}},"loc":{"start":{"line":3,"column":43},"end":{"line":55,"column":1}},"line":3}},"branchMap":{"0":{"loc":{"start":{"line":5,"column":2},"end":{"line":5,"column":40}},"type":"if","locations":[{"start":{"line":5,"column":2},"end":{"line":5,"column":40}},{"start":{},"end":{}}],"line":5},"1":{"loc":{"start":{"line":13,"column":2},"end":{"line":20,"column":3}},"type":"if","locations":[{"start":{"line":13,"column":2},"end":{"line":20,"column":3}},{"start":{},"end":{}}],"line":13},"2":{"loc":{"start":{"line":13,"column":6},"end":{"line":13,"column":34}},"type":"binary-expr","locations":[{"start":{"line":13,"column":6},"end":{"line":13,"column":16}},{"start":{"line":13,"column":20},"end":{"line":13,"column":34}}],"line":13},"3":{"loc":{"start":{"line":14,"column":17},"end":{"line":14,"column":45}},"type":"binary-expr","locations":[{"start":{"line":14,"column":17},"end":{"line":14,"column":27}},{"start":{"line":14,"column":31},"end":{"line":14,"column":45}}],"line":14},"4":{"loc":{"start":{"line":18,"column":32},"end":{"line":18,"column":66}},"type":"binary-expr","locations":[{"start":{"line":18,"column":32},"end":{"line":18,"column":43}},{"start":{"line":18,"column":47},"end":{"line":18,"column":66}}],"line":18},"5":{"loc":{"start":{"line":23,"column":2},"end":{"line":34,"column":3}},"type":"if","locations":[{"start":{"line":23,"column":2},"end":{"line":34,"column":3}},{"start":{},"end":{}}],"line":23},"6":{"loc":{"start":{"line":23,"column":6},"end":{"line":23,"column":61}},"type":"binary-expr","locations":[{"start":{"line":23,"column":6},"end":{"line":23,"column":33}},{"start":{"line":23,"column":37},"end":{"line":23,"column":61}}],"line":23},"7":{"loc":{"start":{"line":36,"column":2},"end":{"line":40,"column":3}},"type":"if","locations":[{"start":{"line":36,"column":2},"end":{"line":40,"column":3}},{"start":{},"end":{}}],"line":36},"8":{"loc":{"start":{"line":36,"column":6},"end":{"line":36,"column":61}},"type":"binary-expr","locations":[{"start":{"line":36,"column":6},"end":{"line":36,"column":30}},{"start":{"line":36,"column":34},"end":{"line":36,"column":61}}],"line":36},"9":{"loc":{"start":{"line":49,"column":8},"end":{"line":51,"column":23}},"type":"cond-expr","locations":[{"start":{"line":50,"column":12},"end":{"line":50,"column":35}},{"start":{"line":51,"column":12},"end":{"line":51,"column":23}}],"line":49}},"s":{"0":1,"1":0,"2":0,"3":0,"4":0,"5":0,"6":0,"7":0,"8":0,"9":0,"10":0,"11":0,"12":1},"f":{"0":0},"b":{"0":[0,0],"1":[0,0],"2":[0,0],"3":[0,0],"4":[0,0],"5":[0,0],"6":[0,0],"7":[0,0],"8":[0,0],"9":[0,0]},"_coverageSchema":"1a1c01bbd47fc00a2c39e90264f33305004495a9","hash":"b71f9242a47b336efe7500a29dfa04b264ddc3df"}
,"D:\\DATA\\semester4\\PPL_Service\\Pertemuan 16\\smart-city-platform\\express-gateway\\src\\middleware\\jwt.js": {"path":"D:\\DATA\\semester4\\PPL_Service\\Pertemuan 16\\smart-city-platform\\express-gateway\\src\\middleware\\jwt.js","statementMap":{"0":{"start":{"line":11,"column":12},"end":{"line":11,"column":35}},"1":{"start":{"line":12,"column":14},"end":{"line":12,"column":30}},"2":{"start":{"line":13,"column":24},"end":{"line":13,"column":52}},"3":{"start":{"line":19,"column":4},"end":{"line":19,"column":15}},"4":{"start":{"line":24,"column":21},"end":{"line":30,"column":1}},"5":{"start":{"line":37,"column":2},"end":{"line":39,"column":3}},"6":{"start":{"line":37,"column":31},"end":{"line":37,"column":53}},"7":{"start":{"line":38,"column":4},"end":{"line":38,"column":18}},"8":{"start":{"line":41,"column":21},"end":{"line":41,"column":55}},"9":{"start":{"line":42,"column":2},"end":{"line":53,"column":3}},"10":{"start":{"line":43,"column":4},"end":{"line":52,"column":8}},"11":{"start":{"line":55,"column":16},"end":{"line":55,"column":35}},"12":{"start":{"line":57,"column":2},"end":{"line":103,"column":3}},"13":{"start":{"line":60,"column":4},"end":{"line":68,"column":5}},"14":{"start":{"line":62,"column":6},"end":{"line":62,"column":45}},"15":{"start":{"line":65,"column":6},"end":{"line":67,"column":9}},"16":{"start":{"line":71,"column":4},"end":{"line":71,"column":23}},"17":{"start":{"line":72,"column":4},"end":{"line":72,"column":62}},"18":{"start":{"line":73,"column":4},"end":{"line":73,"column":41}},"19":{"start":{"line":76,"column":4},"end":{"line":76,"column":56}},"20":{"start":{"line":77,"column":4},"end":{"line":77,"column":50}},"21":{"start":{"line":78,"column":4},"end":{"line":78,"column":59}},"22":{"start":{"line":80,"column":4},"end":{"line":80,"column":18}},"23":{"start":{"line":82,"column":4},"end":{"line":93,"column":5}},"24":{"start":{"line":83,"column":6},"end":{"line":92,"column":10}},"25":{"start":{"line":94,"column":4},"end":{"line":98,"column":5}},"26":{"start":{"line":95,"column":6},"end":{"line":97,"column":69}},"27":{"start":{"line":99,"column":4},"end":{"line":99,"column":60}},"28":{"start":{"line":100,"column":4},"end":{"line":102,"column":67}},"29":{"start":{"line":111,"column":2},"end":{"line":125,"column":4}},"30":{"start":{"line":112,"column":4},"end":{"line":123,"column":5}},"31":{"start":{"line":113,"column":6},"end":{"line":122,"column":10}},"32":{"start":{"line":124,"column":4},"end":{"line":124,"column":11}},"33":{"start":{"line":132,"column":19},"end":{"line":145,"column":3}},"34":{"start":{"line":147,"column":15},"end":{"line":147,"column":28}},"35":{"start":{"line":148,"column":2},"end":{"line":152,"column":3}},"36":{"start":{"line":149,"column":16},"end":{"line":149,"column":46}},"37":{"start":{"line":150,"column":4},"end":{"line":150,"column":35}},"38":{"start":{"line":151,"column":4},"end":{"line":151,"column":14}},"39":{"start":{"line":154,"column":2},"end":{"line":154,"column":14}},"40":{"start":{"line":157,"column":0},"end":{"line":157,"column":44}}},"fnMap":{"0":{"name":"verifyJWT","decl":{"start":{"line":35,"column":15},"end":{"line":35,"column":24}},"loc":{"start":{"line":35,"column":41},"end":{"line":104,"column":1}},"line":35},"1":{"name":"(anonymous_1)","decl":{"start":{"line":37,"column":24},"end":{"line":37,"column":25}},"loc":{"start":{"line":37,"column":31},"end":{"line":37,"column":53}},"line":37},"2":{"name":"requireRole","decl":{"start":{"line":110,"column":9},"end":{"line":110,"column":20}},"loc":{"start":{"line":110,"column":31},"end":{"line":126,"column":1}},"line":110},"3":{"name":"(anonymous_3)","decl":{"start":{"line":111,"column":9},"end":{"line":111,"column":10}},"loc":{"start":{"line":111,"column":29},"end":{"line":125,"column":3}},"line":111},"4":{"name":"introspectToken","decl":{"start":{"line":131,"column":15},"end":{"line":131,"column":30}},"loc":{"start":{"line":131,"column":38},"end":{"line":155,"column":1}},"line":131}},"branchMap":{"0":{"loc":{"start":{"line":16,"column":2},"end":{"line":16,"column":64}},"type":"default-arg","locations":[{"start":{"line":16,"column":15},"end":{"line":16,"column":64}}],"line":16},"1":{"loc":{"start":{"line":17,"column":2},"end":{"line":17,"column":47}},"type":"default-arg","locations":[{"start":{"line":17,"column":21},"end":{"line":17,"column":47}}],"line":17},"2":{"loc":{"start":{"line":18,"column":2},"end":{"line":18,"column":27}},"type":"default-arg","locations":[{"start":{"line":18,"column":20},"end":{"line":18,"column":27}}],"line":18},"3":{"loc":{"start":{"line":37,"column":2},"end":{"line":39,"column":3}},"type":"if","locations":[{"start":{"line":37,"column":2},"end":{"line":39,"column":3}},{"start":{},"end":{}}],"line":37},"4":{"loc":{"start":{"line":41,"column":21},"end":{"line":41,"column":55}},"type":"binary-expr","locations":[{"start":{"line":41,"column":21},"end":{"line":41,"column":49}},{"start":{"line":41,"column":53},"end":{"line":41,"column":55}}],"line":41},"5":{"loc":{"start":{"line":42,"column":2},"end":{"line":53,"column":3}},"type":"if","locations":[{"start":{"line":42,"column":2},"end":{"line":53,"column":3}},{"start":{},"end":{}}],"line":42},"6":{"loc":{"start":{"line":60,"column":4},"end":{"line":68,"column":5}},"type":"if","locations":[{"start":{"line":60,"column":4},"end":{"line":68,"column":5}},{"start":{"line":63,"column":11},"end":{"line":68,"column":5}}],"line":60},"7":{"loc":{"start":{"line":72,"column":17},"end":{"line":72,"column":61}},"type":"binary-expr","locations":[{"start":{"line":72,"column":17},"end":{"line":72,"column":28}},{"start":{"line":72,"column":32},"end":{"line":72,"column":47}},{"start":{"line":72,"column":51},"end":{"line":72,"column":61}}],"line":72},"8":{"loc":{"start":{"line":73,"column":15},"end":{"line":73,"column":40}},"type":"binary-expr","locations":[{"start":{"line":73,"column":15},"end":{"line":73,"column":27}},{"start":{"line":73,"column":31},"end":{"line":73,"column":40}}],"line":73},"9":{"loc":{"start":{"line":76,"column":38},"end":{"line":76,"column":54}},"type":"binary-expr","locations":[{"start":{"line":76,"column":38},"end":{"line":76,"column":48}},{"start":{"line":76,"column":52},"end":{"line":76,"column":54}}],"line":76},"10":{"loc":{"start":{"line":78,"column":40},"end":{"line":78,"column":57}},"type":"binary-expr","locations":[{"start":{"line":78,"column":40},"end":{"line":78,"column":51}},{"start":{"line":78,"column":55},"end":{"line":78,"column":57}}],"line":78},"11":{"loc":{"start":{"line":82,"column":4},"end":{"line":93,"column":5}},"type":"if","locations":[{"start":{"line":82,"column":4},"end":{"line":93,"column":5}},{"start":{},"end":{}}],"line":82},"12":{"loc":{"start":{"line":94,"column":4},"end":{"line":98,"column":5}},"type":"if","locations":[{"start":{"line":94,"column":4},"end":{"line":98,"column":5}},{"start":{},"end":{}}],"line":94},"13":{"loc":{"start":{"line":112,"column":4},"end":{"line":123,"column":5}},"type":"if","locations":[{"start":{"line":112,"column":4},"end":{"line":123,"column":5}},{"start":{},"end":{}}],"line":112},"14":{"loc":{"start":{"line":148,"column":2},"end":{"line":152,"column":3}},"type":"if","locations":[{"start":{"line":148,"column":2},"end":{"line":152,"column":3}},{"start":{},"end":{}}],"line":148}},"s":{"0":1,"1":1,"2":1,"3":1,"4":1,"5":5,"6":25,"7":0,"8":5,"9":5,"10":1,"11":4,"12":4,"13":4,"14":0,"15":4,"16":2,"17":2,"18":2,"19":2,"20":2,"21":2,"22":2,"23":2,"24":1,"25":1,"26":1,"27":0,"28":0,"29":0,"30":0,"31":0,"32":0,"33":0,"34":0,"35":0,"36":0,"37":0,"38":0,"39":0,"40":1},"f":{"0":5,"1":25,"2":0,"3":0,"4":0},"b":{"0":[0],"1":[1],"2":[1],"3":[0,5],"4":[5,1],"5":[1,4],"6":[0,4],"7":[2,0,0],"8":[2,0],"9":[2,0],"10":[2,0],"11":[1,1],"12":[1,0],"13":[0,0],"14":[0,0]},"_coverageSchema":"1a1c01bbd47fc00a2c39e90264f33305004495a9","hash":"e228dd3a4ddd51c76bac4195bbaecd583ddf4cb5"}
,"D:\\DATA\\semester4\\PPL_Service\\Pertemuan 16\\smart-city-platform\\express-gateway\\src\\middleware\\logger.js": {"path":"D:\\DATA\\semester4\\PPL_Service\\Pertemuan 16\\smart-city-platform\\express-gateway\\src\\middleware\\logger.js","statementMap":{"0":{"start":{"line":8,"column":11},"end":{"line":8,"column":24}},"1":{"start":{"line":9,"column":13},"end":{"line":9,"column":28}},"2":{"start":{"line":11,"column":16},"end":{"line":11,"column":45}},"3":{"start":{"line":12,"column":17},"end":{"line":12,"column":50}},"4":{"start":{"line":15,"column":0},"end":{"line":17,"column":1}},"5":{"start":{"line":16,"column":2},"end":{"line":16,"column":45}},"6":{"start":{"line":23,"column":16},"end":{"line":23,"column":26}},"7":{"start":{"line":24,"column":20},"end":{"line":24,"column":39}},"8":{"start":{"line":27,"column":2},"end":{"line":27,"column":28}},"9":{"start":{"line":28,"column":2},"end":{"line":28,"column":42}},"10":{"start":{"line":29,"column":2},"end":{"line":29,"column":43}},"11":{"start":{"line":32,"column":2},"end":{"line":61,"column":5}},"12":{"start":{"line":33,"column":21},"end":{"line":33,"column":39}},"13":{"start":{"line":34,"column":21},"end":{"line":46,"column":5}},"14":{"start":{"line":48,"column":17},"end":{"line":48,"column":41}},"15":{"start":{"line":51,"column":18},"end":{"line":51,"column":45}},"16":{"start":{"line":52,"column":4},"end":{"line":55,"column":6}},"17":{"start":{"line":58,"column":4},"end":{"line":60,"column":7}},"18":{"start":{"line":59,"column":6},"end":{"line":59,"column":75}},"19":{"start":{"line":59,"column":15},"end":{"line":59,"column":75}},"20":{"start":{"line":63,"column":2},"end":{"line":63,"column":9}},"21":{"start":{"line":70,"column":2},"end":{"line":70,"column":70}},"22":{"start":{"line":74,"column":2},"end":{"line":74,"column":39}},"23":{"start":{"line":74,"column":21},"end":{"line":74,"column":39}},"24":{"start":{"line":75,"column":2},"end":{"line":75,"column":39}},"25":{"start":{"line":75,"column":21},"end":{"line":75,"column":39}},"26":{"start":{"line":76,"column":2},"end":{"line":76,"column":39}},"27":{"start":{"line":76,"column":21},"end":{"line":76,"column":39}},"28":{"start":{"line":77,"column":2},"end":{"line":77,"column":20}},"29":{"start":{"line":80,"column":0},"end":{"line":80,"column":35}}},"fnMap":{"0":{"name":"requestLogger","decl":{"start":{"line":22,"column":9},"end":{"line":22,"column":22}},"loc":{"start":{"line":22,"column":39},"end":{"line":64,"column":1}},"line":22},"1":{"name":"(anonymous_1)","decl":{"start":{"line":32,"column":19},"end":{"line":32,"column":20}},"loc":{"start":{"line":32,"column":25},"end":{"line":61,"column":3}},"line":32},"2":{"name":"(anonymous_2)","decl":{"start":{"line":58,"column":41},"end":{"line":58,"column":42}},"loc":{"start":{"line":58,"column":50},"end":{"line":60,"column":5}},"line":58},"3":{"name":"generateRequestId","decl":{"start":{"line":69,"column":9},"end":{"line":69,"column":26}},"loc":{"start":{"line":69,"column":29},"end":{"line":71,"column":1}},"line":69},"4":{"name":"statusColor","decl":{"start":{"line":73,"column":9},"end":{"line":73,"column":20}},"loc":{"start":{"line":73,"column":29},"end":{"line":78,"column":1}},"line":73}},"branchMap":{"0":{"loc":{"start":{"line":11,"column":16},"end":{"line":11,"column":45}},"type":"binary-expr","locations":[{"start":{"line":11,"column":16},"end":{"line":11,"column":35}},{"start":{"line":11,"column":39},"end":{"line":11,"column":45}}],"line":11},"1":{"loc":{"start":{"line":15,"column":0},"end":{"line":17,"column":1}},"type":"if","locations":[{"start":{"line":15,"column":0},"end":{"line":17,"column":1}},{"start":{},"end":{}}],"line":15},"2":{"loc":{"start":{"line":42,"column":17},"end":{"line":42,"column":49}},"type":"binary-expr","locations":[{"start":{"line":42,"column":17},"end":{"line":42,"column":42}},{"start":{"line":42,"column":46},"end":{"line":42,"column":49}}],"line":42},"3":{"loc":{"start":{"line":43,"column":14},"end":{"line":43,"column":31}},"type":"binary-expr","locations":[{"start":{"line":43,"column":14},"end":{"line":43,"column":24}},{"start":{"line":43,"column":28},"end":{"line":43,"column":31}}],"line":43},"4":{"loc":{"start":{"line":44,"column":12},"end":{"line":44,"column":27}},"type":"binary-expr","locations":[{"start":{"line":44,"column":12},"end":{"line":44,"column":20}},{"start":{"line":44,"column":24},"end":{"line":44,"column":27}}],"line":44},"5":{"loc":{"start":{"line":59,"column":6},"end":{"line":59,"column":75}},"type":"if","locations":[{"start":{"line":59,"column":6},"end":{"line":59,"column":75}},{"start":{},"end":{}}],"line":59},"6":{"loc":{"start":{"line":74,"column":2},"end":{"line":74,"column":39}},"type":"if","locations":[{"start":{"line":74,"column":2},"end":{"line":74,"column":39}},{"start":{},"end":{}}],"line":74},"7":{"loc":{"start":{"line":75,"column":2},"end":{"line":75,"column":39}},"type":"if","locations":[{"start":{"line":75,"column":2},"end":{"line":75,"column":39}},{"start":{},"end":{}}],"line":75},"8":{"loc":{"start":{"line":76,"column":2},"end":{"line":76,"column":39}},"type":"if","locations":[{"start":{"line":76,"column":2},"end":{"line":76,"column":39}},{"start":{},"end":{}}],"line":76}},"s":{"0":1,"1":1,"2":1,"3":1,"4":1,"5":0,"6":7,"7":7,"8":7,"9":7,"10":7,"11":7,"12":7,"13":7,"14":7,"15":7,"16":7,"17":7,"18":6,"19":0,"20":7,"21":7,"22":7,"23":1,"24":6,"25":4,"26":2,"27":0,"28":2,"29":1},"f":{"0":7,"1":7,"2":6,"3":7,"4":7},"b":{"0":[1,1],"1":[0,1],"2":[7,7],"3":[7,5],"4":[7,5],"5":[0,6],"6":[1,6],"7":[4,2],"8":[0,2]},"_coverageSchema":"1a1c01bbd47fc00a2c39e90264f33305004495a9","hash":"47dbabec3172e4d4ddf8193bb3b251fcbf282bb8"}
,"D:\\DATA\\semester4\\PPL_Service\\Pertemuan 16\\smart-city-platform\\express-gateway\\src\\middleware\\rateLimit.js": {"path":"D:\\DATA\\semester4\\PPL_Service\\Pertemuan 16\\smart-city-platform\\express-gateway\\src\\middleware\\rateLimit.js","statementMap":{"0":{"start":{"line":12,"column":18},"end":{"line":12,"column":47}},"1":{"start":{"line":13,"column":24},"end":{"line":13,"column":52}},"2":{"start":{"line":16,"column":22},"end":{"line":35,"column":2}},"3":{"start":{"line":21,"column":25},"end":{"line":21,"column":31}},"4":{"start":{"line":22,"column":17},"end":{"line":22,"column":39}},"5":{"start":{"line":24,"column":4},"end":{"line":33,"column":8}},"6":{"start":{"line":38,"column":20},"end":{"line":60,"column":2}},"7":{"start":{"line":44,"column":17},"end":{"line":44,"column":48}},"8":{"start":{"line":45,"column":18},"end":{"line":45,"column":67}},"9":{"start":{"line":46,"column":4},"end":{"line":46,"column":64}},"10":{"start":{"line":49,"column":4},"end":{"line":58,"column":8}},"11":{"start":{"line":63,"column":19},"end":{"line":81,"column":2}},"12":{"start":{"line":68,"column":25},"end":{"line":68,"column":61}},"13":{"start":{"line":70,"column":4},"end":{"line":79,"column":8}},"14":{"start":{"line":83,"column":0},"end":{"line":83,"column":60}}},"fnMap":{"0":{"name":"(anonymous_0)","decl":{"start":{"line":21,"column":16},"end":{"line":21,"column":17}},"loc":{"start":{"line":21,"column":25},"end":{"line":21,"column":31}},"line":21},"1":{"name":"(anonymous_1)","decl":{"start":{"line":22,"column":8},"end":{"line":22,"column":9}},"loc":{"start":{"line":22,"column":17},"end":{"line":22,"column":39}},"line":22},"2":{"name":"(anonymous_2)","decl":{"start":{"line":23,"column":11},"end":{"line":23,"column":12}},"loc":{"start":{"line":23,"column":25},"end":{"line":34,"column":3}},"line":23},"3":{"name":"(anonymous_3)","decl":{"start":{"line":43,"column":16},"end":{"line":43,"column":17}},"loc":{"start":{"line":43,"column":25},"end":{"line":47,"column":3}},"line":43},"4":{"name":"(anonymous_4)","decl":{"start":{"line":48,"column":11},"end":{"line":48,"column":12}},"loc":{"start":{"line":48,"column":25},"end":{"line":59,"column":3}},"line":48},"5":{"name":"(anonymous_5)","decl":{"start":{"line":68,"column":16},"end":{"line":68,"column":17}},"loc":{"start":{"line":68,"column":25},"end":{"line":68,"column":61}},"line":68},"6":{"name":"(anonymous_6)","decl":{"start":{"line":69,"column":11},"end":{"line":69,"column":12}},"loc":{"start":{"line":69,"column":25},"end":{"line":80,"column":3}},"line":69}},"branchMap":{"0":{"loc":{"start":{"line":44,"column":17},"end":{"line":44,"column":48}},"type":"binary-expr","locations":[{"start":{"line":44,"column":17},"end":{"line":44,"column":42}},{"start":{"line":44,"column":46},"end":{"line":44,"column":48}}],"line":44},"1":{"loc":{"start":{"line":45,"column":18},"end":{"line":45,"column":67}},"type":"cond-expr","locations":[{"start":{"line":45,"column":47},"end":{"line":45,"column":60}},{"start":{"line":45,"column":63},"end":{"line":45,"column":67}}],"line":45},"2":{"loc":{"start":{"line":46,"column":11},"end":{"line":46,"column":63}},"type":"cond-expr","locations":[{"start":{"line":46,"column":19},"end":{"line":46,"column":46}},{"start":{"line":46,"column":49},"end":{"line":46,"column":63}}],"line":46},"3":{"loc":{"start":{"line":68,"column":25},"end":{"line":68,"column":61}},"type":"binary-expr","locations":[{"start":{"line":68,"column":25},"end":{"line":68,"column":51}},{"start":{"line":68,"column":55},"end":{"line":68,"column":61}}],"line":68}},"s":{"0":1,"1":1,"2":1,"3":7,"4":7,"5":0,"6":1,"7":2,"8":2,"9":2,"10":0,"11":1,"12":0,"13":0,"14":1},"f":{"0":7,"1":7,"2":0,"3":2,"4":0,"5":0,"6":0},"b":{"0":[2,0],"1":[2,0],"2":[2,0],"3":[0,0]},"_coverageSchema":"1a1c01bbd47fc00a2c39e90264f33305004495a9","hash":"80edb18bdbcb5e62c03474e0027d514302e9d79e"}
,"D:\\DATA\\semester4\\PPL_Service\\Pertemuan 16\\smart-city-platform\\express-gateway\\src\\routes\\health.js": {"path":"D:\\DATA\\semester4\\PPL_Service\\Pertemuan 16\\smart-city-platform\\express-gateway\\src\\routes\\health.js","statementMap":{"0":{"start":{"line":11,"column":16},"end":{"line":11,"column":34}},"1":{"start":{"line":12,"column":14},"end":{"line":12,"column":30}},"2":{"start":{"line":13,"column":24},"end":{"line":13,"column":52}},"3":{"start":{"line":15,"column":15},"end":{"line":15,"column":31}},"4":{"start":{"line":23,"column":4},"end":{"line":23,"column":15}},"5":{"start":{"line":26,"column":18},"end":{"line":32,"column":1}},"6":{"start":{"line":37,"column":0},"end":{"line":67,"column":3}},"7":{"start":{"line":38,"column":20},"end":{"line":38,"column":30}},"8":{"start":{"line":41,"column":17},"end":{"line":41,"column":78}},"9":{"start":{"line":41,"column":58},"end":{"line":41,"column":76}},"10":{"start":{"line":43,"column":21},"end":{"line":43,"column":64}},"11":{"start":{"line":43,"column":41},"end":{"line":43,"column":63}},"12":{"start":{"line":44,"column":24},"end":{"line":44,"column":68}},"13":{"start":{"line":44,"column":43},"end":{"line":44,"column":67}},"14":{"start":{"line":46,"column":24},"end":{"line":50,"column":19}},"15":{"start":{"line":52,"column":19},"end":{"line":52,"column":63}},"16":{"start":{"line":54,"column":2},"end":{"line":66,"column":4}},"17":{"start":{"line":72,"column":0},"end":{"line":86,"column":3}},"18":{"start":{"line":73,"column":2},"end":{"line":85,"column":4}},"19":{"start":{"line":92,"column":16},"end":{"line":92,"column":26}},"20":{"start":{"line":93,"column":2},"end":{"line":111,"column":3}},"21":{"start":{"line":94,"column":17},"end":{"line":94,"column":56}},"22":{"start":{"line":95,"column":4},"end":{"line":101,"column":6}},"23":{"start":{"line":103,"column":4},"end":{"line":110,"column":6}},"24":{"start":{"line":114,"column":0},"end":{"line":114,"column":24}}},"fnMap":{"0":{"name":"(anonymous_0)","decl":{"start":{"line":37,"column":16},"end":{"line":37,"column":17}},"loc":{"start":{"line":37,"column":36},"end":{"line":67,"column":1}},"line":37},"1":{"name":"(anonymous_1)","decl":{"start":{"line":41,"column":49},"end":{"line":41,"column":50}},"loc":{"start":{"line":41,"column":58},"end":{"line":41,"column":76}},"line":41},"2":{"name":"(anonymous_2)","decl":{"start":{"line":43,"column":34},"end":{"line":43,"column":35}},"loc":{"start":{"line":43,"column":41},"end":{"line":43,"column":63}},"line":43},"3":{"name":"(anonymous_3)","decl":{"start":{"line":44,"column":36},"end":{"line":44,"column":37}},"loc":{"start":{"line":44,"column":43},"end":{"line":44,"column":67}},"line":44},"4":{"name":"(anonymous_4)","decl":{"start":{"line":72,"column":23},"end":{"line":72,"column":24}},"loc":{"start":{"line":72,"column":37},"end":{"line":86,"column":1}},"line":72},"5":{"name":"checkUpstream","decl":{"start":{"line":91,"column":15},"end":{"line":91,"column":28}},"loc":{"start":{"line":91,"column":44},"end":{"line":112,"column":1}},"line":91}},"branchMap":{"0":{"loc":{"start":{"line":18,"column":2},"end":{"line":18,"column":53}},"type":"default-arg","locations":[{"start":{"line":18,"column":24},"end":{"line":18,"column":53}}],"line":18},"1":{"loc":{"start":{"line":19,"column":2},"end":{"line":19,"column":53}},"type":"default-arg","locations":[{"start":{"line":19,"column":24},"end":{"line":19,"column":53}}],"line":19},"2":{"loc":{"start":{"line":20,"column":2},"end":{"line":20,"column":45}},"type":"default-arg","locations":[{"start":{"line":20,"column":20},"end":{"line":20,"column":45}}],"line":20},"3":{"loc":{"start":{"line":21,"column":2},"end":{"line":21,"column":41}},"type":"default-arg","locations":[{"start":{"line":21,"column":18},"end":{"line":21,"column":41}}],"line":21},"4":{"loc":{"start":{"line":22,"column":2},"end":{"line":22,"column":47}},"type":"default-arg","locations":[{"start":{"line":22,"column":21},"end":{"line":22,"column":47}}],"line":22},"5":{"loc":{"start":{"line":46,"column":24},"end":{"line":50,"column":19}},"type":"cond-expr","locations":[{"start":{"line":47,"column":6},"end":{"line":47,"column":15}},{"start":{"line":48,"column":6},"end":{"line":50,"column":19}}],"line":46},"6":{"loc":{"start":{"line":48,"column":6},"end":{"line":50,"column":19}},"type":"cond-expr","locations":[{"start":{"line":49,"column":8},"end":{"line":49,"column":18}},{"start":{"line":50,"column":8},"end":{"line":50,"column":19}}],"line":48},"7":{"loc":{"start":{"line":52,"column":19},"end":{"line":52,"column":63}},"type":"cond-expr","locations":[{"start":{"line":52,"column":32},"end":{"line":52,"column":35}},{"start":{"line":52,"column":38},"end":{"line":52,"column":63}}],"line":52},"8":{"loc":{"start":{"line":52,"column":38},"end":{"line":52,"column":63}},"type":"cond-expr","locations":[{"start":{"line":52,"column":54},"end":{"line":52,"column":57}},{"start":{"line":52,"column":60},"end":{"line":52,"column":63}}],"line":52},"9":{"loc":{"start":{"line":64,"column":6},"end":{"line":64,"column":38}},"type":"cond-expr","locations":[{"start":{"line":64,"column":19},"end":{"line":64,"column":28}},{"start":{"line":64,"column":31},"end":{"line":64,"column":38}}],"line":64},"10":{"loc":{"start":{"line":81,"column":13},"end":{"line":81,"column":50}},"type":"binary-expr","locations":[{"start":{"line":81,"column":13},"end":{"line":81,"column":33}},{"start":{"line":81,"column":37},"end":{"line":81,"column":50}}],"line":81},"11":{"loc":{"start":{"line":106,"column":17},"end":{"line":106,"column":45}},"type":"binary-expr","locations":[{"start":{"line":106,"column":17},"end":{"line":106,"column":37}},{"start":{"line":106,"column":41},"end":{"line":106,"column":45}}],"line":106}},"s":{"0":1,"1":1,"2":1,"3":1,"4":1,"5":1,"6":1,"7":0,"8":0,"9":0,"10":0,"11":0,"12":0,"13":0,"14":0,"15":0,"16":0,"17":1,"18":2,"19":0,"20":0,"21":0,"22":0,"23":0,"24":1},"f":{"0":0,"1":0,"2":0,"3":0,"4":2,"5":0},"b":{"0":[1],"1":[1],"2":[1],"3":[0],"4":[1],"5":[0,0],"6":[0,0],"7":[0,0],"8":[0,0],"9":[0,0],"10":[2,0],"11":[0,0]},"_coverageSchema":"1a1c01bbd47fc00a2c39e90264f33305004495a9","hash":"3d46f59da74cb5566083cbec8347d5d31619c485"}
,"D:\\DATA\\semester4\\PPL_Service\\Pertemuan 16\\smart-city-platform\\express-gateway\\src\\routes\\metrics.js": {"path":"D:\\DATA\\semester4\\PPL_Service\\Pertemuan 16\\smart-city-platform\\express-gateway\\src\\routes\\metrics.js","statementMap":{"0":{"start":{"line":1,"column":16},"end":{"line":1,"column":34}},"1":{"start":{"line":2,"column":15},"end":{"line":2,"column":37}},"2":{"start":{"line":4,"column":15},"end":{"line":4,"column":31}},"3":{"start":{"line":6,"column":17},"end":{"line":6,"column":38}},"4":{"start":{"line":8,"column":0},"end":{"line":8,"column":63}},"5":{"start":{"line":11,"column":26},"end":{"line":16,"column":2}},"6":{"start":{"line":19,"column":28},"end":{"line":25,"column":2}},"7":{"start":{"line":28,"column":23},"end":{"line":33,"column":2}},"8":{"start":{"line":36,"column":22},"end":{"line":40,"column":2}},"9":{"start":{"line":43,"column":22},"end":{"line":50,"column":2}},"10":{"start":{"line":48,"column":4},"end":{"line":48,"column":43}},"11":{"start":{"line":53,"column":20},"end":{"line":53,"column":30}},"12":{"start":{"line":55,"column":2},"end":{"line":76,"column":5}},"13":{"start":{"line":56,"column":21},"end":{"line":56,"column":43}},"14":{"start":{"line":57,"column":18},"end":{"line":57,"column":42}},"15":{"start":{"line":58,"column":20},"end":{"line":58,"column":44}},"16":{"start":{"line":59,"column":19},"end":{"line":59,"column":41}},"17":{"start":{"line":61,"column":4},"end":{"line":66,"column":7}},"18":{"start":{"line":67,"column":4},"end":{"line":70,"column":6}},"19":{"start":{"line":72,"column":4},"end":{"line":72,"column":52}},"20":{"start":{"line":72,"column":32},"end":{"line":72,"column":52}},"21":{"start":{"line":73,"column":4},"end":{"line":75,"column":5}},"22":{"start":{"line":74,"column":6},"end":{"line":74,"column":58}},"23":{"start":{"line":78,"column":2},"end":{"line":78,"column":9}},"24":{"start":{"line":81,"column":0},"end":{"line":85,"column":3}},"25":{"start":{"line":83,"column":2},"end":{"line":83,"column":48}},"26":{"start":{"line":84,"column":2},"end":{"line":84,"column":36}},"27":{"start":{"line":89,"column":2},"end":{"line":91,"column":26}},"28":{"start":{"line":95,"column":2},"end":{"line":100,"column":29}},"29":{"start":{"line":100,"column":4},"end":{"line":100,"column":29}},"30":{"start":{"line":101,"column":2},"end":{"line":101,"column":64}},"31":{"start":{"line":101,"column":39},"end":{"line":101,"column":64}},"32":{"start":{"line":102,"column":2},"end":{"line":102,"column":64}},"33":{"start":{"line":102,"column":43},"end":{"line":102,"column":64}},"34":{"start":{"line":103,"column":2},"end":{"line":108,"column":23}},"35":{"start":{"line":108,"column":4},"end":{"line":108,"column":23}},"36":{"start":{"line":109,"column":2},"end":{"line":109,"column":53}},"37":{"start":{"line":109,"column":31},"end":{"line":109,"column":53}},"38":{"start":{"line":110,"column":2},"end":{"line":110,"column":55}},"39":{"start":{"line":110,"column":33},"end":{"line":110,"column":55}},"40":{"start":{"line":111,"column":2},"end":{"line":111,"column":19}},"41":{"start":{"line":114,"column":0},"end":{"line":114,"column":24}},"42":{"start":{"line":115,"column":0},"end":{"line":115,"column":53}},"43":{"start":{"line":116,"column":0},"end":{"line":116,"column":47}},"44":{"start":{"line":117,"column":0},"end":{"line":117,"column":45}}},"fnMap":{"0":{"name":"(anonymous_0)","decl":{"start":{"line":47,"column":2},"end":{"line":47,"column":3}},"loc":{"start":{"line":47,"column":12},"end":{"line":49,"column":3}},"line":47},"1":{"name":"metricsMiddleware","decl":{"start":{"line":52,"column":9},"end":{"line":52,"column":26}},"loc":{"start":{"line":52,"column":43},"end":{"line":79,"column":1}},"line":52},"2":{"name":"(anonymous_2)","decl":{"start":{"line":55,"column":19},"end":{"line":55,"column":20}},"loc":{"start":{"line":55,"column":25},"end":{"line":76,"column":3}},"line":55},"3":{"name":"(anonymous_3)","decl":{"start":{"line":81,"column":16},"end":{"line":81,"column":17}},"loc":{"start":{"line":81,"column":36},"end":{"line":85,"column":1}},"line":81},"4":{"name":"normalizeRoute","decl":{"start":{"line":87,"column":9},"end":{"line":87,"column":23}},"loc":{"start":{"line":87,"column":30},"end":{"line":92,"column":1}},"line":87},"5":{"name":"resolveService","decl":{"start":{"line":94,"column":9},"end":{"line":94,"column":23}},"loc":{"start":{"line":94,"column":30},"end":{"line":112,"column":1}},"line":94}},"branchMap":{"0":{"loc":{"start":{"line":72,"column":4},"end":{"line":72,"column":52}},"type":"if","locations":[{"start":{"line":72,"column":4},"end":{"line":72,"column":52}},{"start":{},"end":{}}],"line":72},"1":{"loc":{"start":{"line":73,"column":4},"end":{"line":75,"column":5}},"type":"if","locations":[{"start":{"line":73,"column":4},"end":{"line":75,"column":5}},{"start":{},"end":{}}],"line":73},"2":{"loc":{"start":{"line":73,"column":8},"end":{"line":73,"column":56}},"type":"binary-expr","locations":[{"start":{"line":73,"column":8},"end":{"line":73,"column":30}},{"start":{"line":73,"column":34},"end":{"line":73,"column":56}}],"line":73},"3":{"loc":{"start":{"line":95,"column":2},"end":{"line":100,"column":29}},"type":"if","locations":[{"start":{"line":95,"column":2},"end":{"line":100,"column":29}},{"start":{},"end":{}}],"line":95},"4":{"loc":{"start":{"line":96,"column":4},"end":{"line":98,"column":41}},"type":"binary-expr","locations":[{"start":{"line":96,"column":4},"end":{"line":96,"column":36}},{"start":{"line":97,"column":4},"end":{"line":97,"column":35}},{"start":{"line":98,"column":4},"end":{"line":98,"column":41}}],"line":96},"5":{"loc":{"start":{"line":101,"column":2},"end":{"line":101,"column":64}},"type":"if","locations":[{"start":{"line":101,"column":2},"end":{"line":101,"column":64}},{"start":{},"end":{}}],"line":101},"6":{"loc":{"start":{"line":102,"column":2},"end":{"line":102,"column":64}},"type":"if","locations":[{"start":{"line":102,"column":2},"end":{"line":102,"column":64}},{"start":{},"end":{}}],"line":102},"7":{"loc":{"start":{"line":103,"column":2},"end":{"line":108,"column":23}},"type":"if","locations":[{"start":{"line":103,"column":2},"end":{"line":108,"column":23}},{"start":{},"end":{}}],"line":103},"8":{"loc":{"start":{"line":104,"column":4},"end":{"line":106,"column":29}},"type":"binary-expr","locations":[{"start":{"line":104,"column":4},"end":{"line":104,"column":31}},{"start":{"line":105,"column":4},"end":{"line":105,"column":30}},{"start":{"line":106,"column":4},"end":{"line":106,"column":29}}],"line":104},"9":{"loc":{"start":{"line":109,"column":2},"end":{"line":109,"column":53}},"type":"if","locations":[{"start":{"line":109,"column":2},"end":{"line":109,"column":53}},{"start":{},"end":{}}],"line":109},"10":{"loc":{"start":{"line":110,"column":2},"end":{"line":110,"column":55}},"type":"if","locations":[{"start":{"line":110,"column":2},"end":{"line":110,"column":55}},{"start":{},"end":{}}],"line":110}},"s":{"0":1,"1":1,"2":1,"3":1,"4":1,"5":1,"6":1,"7":1,"8":1,"9":1,"10":0,"11":7,"12":7,"13":7,"14":7,"15":7,"16":7,"17":7,"18":7,"19":7,"20":0,"21":7,"22":1,"23":7,"24":1,"25":0,"26":0,"27":7,"28":7,"29":3,"30":4,"31":0,"32":4,"33":0,"34":4,"35":0,"36":4,"37":0,"38":4,"39":0,"40":4,"41":1,"42":1,"43":1,"44":1},"f":{"0":0,"1":7,"2":7,"3":0,"4":7,"5":7},"b":{"0":[0,7],"1":[1,6],"2":[7,6],"3":[3,4],"4":[7,4,4],"5":[0,4],"6":[0,4],"7":[0,4],"8":[4,4,4],"9":[0,4],"10":[0,4]},"_coverageSchema":"1a1c01bbd47fc00a2c39e90264f33305004495a9","hash":"238ab812d4a4883e3d2248ee514a03676dab5bcb"}
,"D:\\DATA\\semester4\\PPL_Service\\Pertemuan 16\\smart-city-platform\\express-gateway\\src\\utils\\response.js": {"path":"D:\\DATA\\semester4\\PPL_Service\\Pertemuan 16\\smart-city-platform\\express-gateway\\src\\utils\\response.js","statementMap":{"0":{"start":{"line":8,"column":2},"end":{"line":15,"column":4}},"1":{"start":{"line":18,"column":0},"end":{"line":18,"column":33}}},"fnMap":{"0":{"name":"apiResponse","decl":{"start":{"line":1,"column":9},"end":{"line":1,"column":20}},"loc":{"start":{"line":7,"column":2},"end":{"line":16,"column":1}},"line":7}},"branchMap":{"0":{"loc":{"start":{"line":5,"column":2},"end":{"line":5,"column":20}},"type":"default-arg","locations":[{"start":{"line":5,"column":11},"end":{"line":5,"column":20}}],"line":5},"1":{"loc":{"start":{"line":6,"column":2},"end":{"line":6,"column":25}},"type":"default-arg","locations":[{"start":{"line":6,"column":12},"end":{"line":6,"column":25}}],"line":6},"2":{"loc":{"start":{"line":11,"column":10},"end":{"line":11,"column":22}},"type":"binary-expr","locations":[{"start":{"line":11,"column":10},"end":{"line":11,"column":14}},{"start":{"line":11,"column":18},"end":{"line":11,"column":22}}],"line":11}},"s":{"0":7,"1":1},"f":{"0":7},"b":{"0":[2],"1":[7],"2":[7,5]},"_coverageSchema":"1a1c01bbd47fc00a2c39e90264f33305004495a9","hash":"dc8ac0a6e1b2ff98b16d355d843bdcd6f0687717"}
}
