TN:
SF:src\index.js
FN:60,(anonymous_0)
FN:77,(anonymous_1)
FN:89,(anonymous_2)
FN:100,(anonymous_3)
FN:111,(anonymous_4)
FN:114,(anonymous_5)
FN:124,(anonymous_6)
FN:129,(anonymous_7)
FN:145,upstreamError
FN:160,(anonymous_9)
FN:171,(anonymous_10)
FN:171,(anonymous_11)
FN:172,(anonymous_12)
FN:172,(anonymous_13)
FNF:14
FNH:4
FNDA:0,(anonymous_0)
FNDA:1,(anonymous_1)
FNDA:0,(anonymous_2)
FNDA:0,(anonymous_3)
FNDA:0,(anonymous_4)
FNDA:0,(anonymous_5)
FNDA:0,(anonymous_6)
FNDA:1,(anonymous_7)
FNDA:1,upstreamError
FNDA:1,(anonymous_9)
FNDA:0,(anonymous_10)
FNDA:0,(anonymous_11)
FNDA:0,(anonymous_12)
FNDA:0,(anonymous_13)
DA:1,1
DA:2,1
DA:3,1
DA:4,1
DA:5,1
DA:11,1
DA:12,1
DA:13,1
DA:14,1
DA:15,1
DA:16,1
DA:17,1
DA:18,1
DA:28,1
DA:30,1
DA:33,1
DA:34,1
DA:35,1
DA:41,1
DA:42,1
DA:45,1
DA:46,1
DA:47,1
DA:50,1
DA:53,1
DA:54,1
DA:55,1
DA:60,0
DA:65,1
DA:66,1
DA:71,1
DA:77,1
DA:83,1
DA:89,0
DA:95,1
DA:100,0
DA:105,1
DA:112,0
DA:114,0
DA:119,1
DA:124,0
DA:129,1
DA:130,1
DA:143,1
DA:146,1
DA:147,1
DA:148,1
DA:160,1
DA:161,1
DA:162,1
DA:163,1
DA:164,1
DA:165,1
DA:166,1
DA:167,1
DA:168,1
DA:171,1
DA:172,1
DA:174,1
LF:59
LH:53
BRDA:21,0,0,1
BRDA:22,1,0,0
BRDA:23,2,0,1
BRDA:24,3,0,1
BRDA:25,4,0,1
BRDA:26,5,0,0
BRDA:27,6,0,1
BRDA:37,7,0,1
BRDA:37,7,1,1
BRDA:45,8,0,0
BRDA:45,8,1,1
BRDA:112,9,0,0
BRDA:112,9,1,0
BRDA:147,10,0,0
BRDA:147,10,1,1
BRF:15
BRH:9
end_of_record
TN:
SF:src\middleware\errorHandler.js
FN:3,errorHandler
FNF:1
FNH:0
FNDA:0,errorHandler
DA:1,1
DA:5,0
DA:7,0
DA:13,0
DA:14,0
DA:15,0
DA:23,0
DA:24,0
DA:36,0
DA:37,0
DA:43,0
DA:57,1
LF:12
LH:2
BRDA:5,0,0,0
BRDA:5,0,1,0
BRDA:13,1,0,0
BRDA:13,1,1,0
BRDA:13,2,0,0
BRDA:13,2,1,0
BRDA:14,3,0,0
BRDA:14,3,1,0
BRDA:18,4,0,0
BRDA:18,4,1,0
BRDA:23,5,0,0
BRDA:23,5,1,0
BRDA:23,6,0,0
BRDA:23,6,1,0
BRDA:36,7,0,0
BRDA:36,7,1,0
BRDA:36,8,0,0
BRDA:36,8,1,0
BRDA:49,9,0,0
BRDA:49,9,1,0
BRF:20
BRH:0
end_of_record
TN:
SF:src\middleware\jwt.js
FN:35,verifyJWT
FN:37,(anonymous_1)
FN:110,requireRole
FN:111,(anonymous_3)
FN:131,introspectToken
FNF:5
FNH:2
FNDA:5,verifyJWT
FNDA:25,(anonymous_1)
FNDA:0,requireRole
FNDA:0,(anonymous_3)
FNDA:0,introspectToken
DA:11,1
DA:12,1
DA:13,1
DA:19,1
DA:24,1
DA:37,25
DA:38,0
DA:41,5
DA:42,5
DA:43,1
DA:55,4
DA:57,4
DA:60,4
DA:62,0
DA:65,4
DA:71,2
DA:72,2
DA:73,2
DA:76,2
DA:77,2
DA:78,2
DA:80,2
DA:82,2
DA:83,1
DA:94,1
DA:95,1
DA:99,0
DA:100,0
DA:111,0
DA:112,0
DA:113,0
DA:124,0
DA:132,0
DA:147,0
DA:148,0
DA:149,0
DA:150,0
DA:151,0
DA:154,0
DA:157,1
LF:40
LH:25
BRDA:16,0,0,0
BRDA:17,1,0,1
BRDA:18,2,0,1
BRDA:37,3,0,0
BRDA:37,3,1,5
BRDA:41,4,0,5
BRDA:41,4,1,1
BRDA:42,5,0,1
BRDA:42,5,1,4
BRDA:60,6,0,0
BRDA:60,6,1,4
BRDA:72,7,0,2
BRDA:72,7,1,0
BRDA:72,7,2,0
BRDA:73,8,0,2
BRDA:73,8,1,0
BRDA:76,9,0,2
BRDA:76,9,1,0
BRDA:78,10,0,2
BRDA:78,10,1,0
BRDA:82,11,0,1
BRDA:82,11,1,1
BRDA:94,12,0,1
BRDA:94,12,1,0
BRDA:112,13,0,0
BRDA:112,13,1,0
BRDA:148,14,0,0
BRDA:148,14,1,0
BRF:28
BRH:15
end_of_record
TN:
SF:src\middleware\logger.js
FN:22,requestLogger
FN:32,(anonymous_1)
FN:58,(anonymous_2)
FN:69,generateRequestId
FN:73,statusColor
FNF:5
FNH:5
FNDA:7,requestLogger
FNDA:7,(anonymous_1)
FNDA:6,(anonymous_2)
FNDA:7,generateRequestId
FNDA:7,statusColor
DA:8,1
DA:9,1
DA:11,1
DA:12,1
DA:15,1
DA:16,0
DA:23,7
DA:24,7
DA:27,7
DA:28,7
DA:29,7
DA:32,7
DA:33,7
DA:34,7
DA:48,7
DA:51,7
DA:52,7
DA:58,7
DA:59,6
DA:63,7
DA:70,7
DA:74,7
DA:75,6
DA:76,2
DA:77,2
DA:80,1
LF:26
LH:25
BRDA:11,0,0,1
BRDA:11,0,1,1
BRDA:15,1,0,0
BRDA:15,1,1,1
BRDA:42,2,0,7
BRDA:42,2,1,7
BRDA:43,3,0,7
BRDA:43,3,1,5
BRDA:44,4,0,7
BRDA:44,4,1,5
BRDA:59,5,0,0
BRDA:59,5,1,6
BRDA:74,6,0,1
BRDA:74,6,1,6
BRDA:75,7,0,4
BRDA:75,7,1,2
BRDA:76,8,0,0
BRDA:76,8,1,2
BRF:18
BRH:15
end_of_record
TN:
SF:src\middleware\rateLimit.js
FN:21,(anonymous_0)
FN:22,(anonymous_1)
FN:23,(anonymous_2)
FN:43,(anonymous_3)
FN:48,(anonymous_4)
FN:68,(anonymous_5)
FN:69,(anonymous_6)
FNF:7
FNH:3
FNDA:7,(anonymous_0)
FNDA:7,(anonymous_1)
FNDA:0,(anonymous_2)
FNDA:2,(anonymous_3)
FNDA:0,(anonymous_4)
FNDA:0,(anonymous_5)
FNDA:0,(anonymous_6)
DA:12,1
DA:13,1
DA:16,1
DA:21,7
DA:22,7
DA:24,0
DA:38,1
DA:44,2
DA:45,2
DA:46,2
DA:49,0
DA:63,1
DA:68,0
DA:70,0
DA:83,1
LF:15
LH:11
BRDA:44,0,0,2
BRDA:44,0,1,0
BRDA:45,1,0,2
BRDA:45,1,1,0
BRDA:46,2,0,2
BRDA:46,2,1,0
BRDA:68,3,0,0
BRDA:68,3,1,0
BRF:8
BRH:3
end_of_record
TN:
SF:src\routes\health.js
FN:37,(anonymous_0)
FN:41,(anonymous_1)
FN:43,(anonymous_2)
FN:44,(anonymous_3)
FN:72,(anonymous_4)
FN:91,checkUpstream
FNF:6
FNH:1
FNDA:0,(anonymous_0)
FNDA:0,(anonymous_1)
FNDA:0,(anonymous_2)
FNDA:0,(anonymous_3)
FNDA:2,(anonymous_4)
FNDA:0,checkUpstream
DA:11,1
DA:12,1
DA:13,1
DA:15,1
DA:23,1
DA:26,1
DA:37,1
DA:38,0
DA:41,0
DA:43,0
DA:44,0
DA:46,0
DA:52,0
DA:54,0
DA:72,1
DA:73,2
DA:92,0
DA:93,0
DA:94,0
DA:95,0
DA:103,0
DA:114,1
LF:22
LH:10
BRDA:18,0,0,1
BRDA:19,1,0,1
BRDA:20,2,0,1
BRDA:21,3,0,0
BRDA:22,4,0,1
BRDA:46,5,0,0
BRDA:46,5,1,0
BRDA:48,6,0,0
BRDA:48,6,1,0
BRDA:52,7,0,0
BRDA:52,7,1,0
BRDA:52,8,0,0
BRDA:52,8,1,0
BRDA:64,9,0,0
BRDA:64,9,1,0
BRDA:81,10,0,2
BRDA:81,10,1,0
BRDA:106,11,0,0
BRDA:106,11,1,0
BRF:19
BRH:5
end_of_record
TN:
SF:src\routes\metrics.js
FN:47,(anonymous_0)
FN:52,metricsMiddleware
FN:55,(anonymous_2)
FN:81,(anonymous_3)
FN:87,normalizeRoute
FN:94,resolveService
FNF:6
FNH:4
FNDA:0,(anonymous_0)
FNDA:7,metricsMiddleware
FNDA:7,(anonymous_2)
FNDA:0,(anonymous_3)
FNDA:7,normalizeRoute
FNDA:7,resolveService
DA:1,1
DA:2,1
DA:4,1
DA:6,1
DA:8,1
DA:11,1
DA:19,1
DA:28,1
DA:36,1
DA:43,1
DA:48,0
DA:53,7
DA:55,7
DA:56,7
DA:57,7
DA:58,7
DA:59,7
DA:61,7
DA:67,7
DA:72,7
DA:73,7
DA:74,1
DA:78,7
DA:81,1
DA:83,0
DA:84,0
DA:89,7
DA:95,7
DA:100,3
DA:101,4
DA:102,4
DA:103,4
DA:108,0
DA:109,4
DA:110,4
DA:111,4
DA:114,1
DA:115,1
DA:116,1
DA:117,1
LF:40
LH:36
BRDA:72,0,0,0
BRDA:72,0,1,7
BRDA:73,1,0,1
BRDA:73,1,1,6
BRDA:73,2,0,7
BRDA:73,2,1,6
BRDA:95,3,0,3
BRDA:95,3,1,4
BRDA:96,4,0,7
BRDA:96,4,1,4
BRDA:96,4,2,4
BRDA:101,5,0,0
BRDA:101,5,1,4
BRDA:102,6,0,0
BRDA:102,6,1,4
BRDA:103,7,0,0
BRDA:103,7,1,4
BRDA:104,8,0,4
BRDA:104,8,1,4
BRDA:104,8,2,4
BRDA:109,9,0,0
BRDA:109,9,1,4
BRDA:110,10,0,0
BRDA:110,10,1,4
BRF:24
BRH:18
end_of_record
TN:
SF:src\utils\response.js
FN:1,apiResponse
FNF:1
FNH:1
FNDA:7,apiResponse
DA:8,7
DA:18,1
LF:2
LH:2
BRDA:5,0,0,2
BRDA:6,1,0,7
BRDA:11,2,0,7
BRDA:11,2,1,5
BRF:4
BRH:4
end_of_record
